{"v":1}
{"Enter":{"id":1,"at":{"secs_since_epoch":1673377174,"nanos_since_epoch":904955800}}}
{"Exit":{"id":1,"at":{"secs_since_epoch":1673377174,"nanos_since_epoch":905174200}}}
{"Enter":{"id":1,"at":{"secs_since_epoch":1673377174,"nanos_since_epoch":905186600}}}
{"Exit":{"id":1,"at":{"secs_since_epoch":1673377174,"nanos_since_epoch":905336400}}}
{"Enter":{"id":1,"at":{"secs_since_epoch":1673377174,"nanos_since_epoch":905345900}}}
{"Exit":{"id":1,"at":{"secs_since_epoch":1673377174,"nanos_since_epoch":905493000}}}
{"Enter":{"id":1,"at":{"secs_since_epoch":1673377174,"nanos_since_epoch":905502000}}}
{"Exit":{"id":1,"at":{"secs_since_epoch":1673377174,"nanos_since_epoch":905683500}}}
{"Enter":{"id":1,"at":{"secs_since_epoch":1673377174,"nanos_since_epoch":905698200}}}
{"Exit":{"id":1,"at":{"secs_since_epoch":1673377174,"nanos_since_epoch":905735800}}}
{"Enter":{"id":2,"at":{"secs_since_epoch":1673377174,"nanos_since_epoch":905739800}}}
{"Exit":{"id":2,"at":{"secs_since_epoch":1673377174,"nanos_since_epoch":905752100}}}
{"Spawn":{"id":4,"at":{"secs_since_epoch":1673377174,"nanos_since_epoch":905907500},"fields":[{"name":"kind","value":"blocking"},{"name":"task.name","value":""},{"name":"task.id","value":4},{"name":"fn","value":"tokio::runtime::scheduler::multi_thread::worker::Launch::launch::{{closure}}"},{"name":"spawn.location","value":"C:\\Users\\Ruben\\.cargo\\registry\\src\\github.com-1ecc6299db9ec823\\tokio-1.23.0\\src\\runtime\\scheduler\\multi_thread\\worker.rs:365:13"}]}}
{"Spawn":{"id":5,"at":{"secs_since_epoch":1673377174,"nanos_since_epoch":906073500},"fields":[{"name":"kind","value":"blocking"},{"name":"task.name","value":""},{"name":"task.id","value":5},{"name":"fn","value":"tokio::runtime::scheduler::multi_thread::worker::Launch::launch::{{closure}}"},{"name":"spawn.location","value":"C:\\Users\\Ruben\\.cargo\\registry\\src\\github.com-1ecc6299db9ec823\\tokio-1.23.0\\src\\runtime\\scheduler\\multi_thread\\worker.rs:365:13"}]}}
{"Enter":{"id":4,"at":{"secs_since_epoch":1673377174,"nanos_since_epoch":906170000}}}
{"Spawn":{"id":6,"at":{"secs_since_epoch":1673377174,"nanos_since_epoch":906203600},"fields":[{"name":"kind","value":"blocking"},{"name":"task.name","value":""},{"name":"task.id","value":6},{"name":"fn","value":"tokio::runtime::scheduler::multi_thread::worker::Launch::launch::{{closure}}"},{"name":"spawn.location","value":"C:\\Users\\Ruben\\.cargo\\registry\\src\\github.com-1ecc6299db9ec823\\tokio-1.23.0\\src\\runtime\\scheduler\\multi_thread\\worker.rs:365:13"}]}}
{"Enter":{"id":5,"at":{"secs_since_epoch":1673377174,"nanos_since_epoch":906280700}}}
{"Spawn":{"id":7,"at":{"secs_since_epoch":1673377174,"nanos_since_epoch":906338300},"fields":[{"name":"kind","value":"blocking"},{"name":"task.name","value":""},{"name":"task.id","value":7},{"name":"fn","value":"tokio::runtime::scheduler::multi_thread::worker::Launch::launch::{{closure}}"},{"name":"spawn.location","value":"C:\\Users\\Ruben\\.cargo\\registry\\src\\github.com-1ecc6299db9ec823\\tokio-1.23.0\\src\\runtime\\scheduler\\multi_thread\\worker.rs:365:13"}]}}
{"Enter":{"id":6,"at":{"secs_since_epoch":1673377174,"nanos_since_epoch":906406500}}}
{"Spawn":{"id":8,"at":{"secs_since_epoch":1673377174,"nanos_since_epoch":906468000},"fields":[{"name":"kind","value":"blocking"},{"name":"task.name","value":""},{"name":"task.id","value":8},{"name":"fn","value":"tokio::runtime::scheduler::multi_thread::worker::Launch::launch::{{closure}}"},{"name":"spawn.location","value":"C:\\Users\\Ruben\\.cargo\\registry\\src\\github.com-1ecc6299db9ec823\\tokio-1.23.0\\src\\runtime\\scheduler\\multi_thread\\worker.rs:365:13"}]}}
{"Enter":{"id":7,"at":{"secs_since_epoch":1673377174,"nanos_since_epoch":906530300}}}
{"Spawn":{"id":9,"at":{"secs_since_epoch":1673377174,"nanos_since_epoch":906589500},"fields":[{"name":"kind","value":"blocking"},{"name":"task.name","value":""},{"name":"task.id","value":9},{"name":"fn","value":"tokio::runtime::scheduler::multi_thread::worker::Launch::launch::{{closure}}"},{"name":"spawn.location","value":"C:\\Users\\Ruben\\.cargo\\registry\\src\\github.com-1ecc6299db9ec823\\tokio-1.23.0\\src\\runtime\\scheduler\\multi_thread\\worker.rs:365:13"}]}}
{"Enter":{"id":8,"at":{"secs_since_epoch":1673377174,"nanos_since_epoch":906639700}}}
{"Spawn":{"id":10,"at":{"secs_since_epoch":1673377174,"nanos_since_epoch":906721700},"fields":[{"name":"kind","value":"blocking"},{"name":"task.name","value":""},{"name":"task.id","value":10},{"name":"fn","value":"tokio::runtime::scheduler::multi_thread::worker::Launch::launch::{{closure}}"},{"name":"spawn.location","value":"C:\\Users\\Ruben\\.cargo\\registry\\src\\github.com-1ecc6299db9ec823\\tokio-1.23.0\\src\\runtime\\scheduler\\multi_thread\\worker.rs:365:13"}]}}
{"Enter":{"id":9,"at":{"secs_since_epoch":1673377174,"nanos_since_epoch":906786100}}}
{"Spawn":{"id":11,"at":{"secs_since_epoch":1673377174,"nanos_since_epoch":906841300},"fields":[{"name":"kind","value":"blocking"},{"name":"task.name","value":""},{"name":"task.id","value":11},{"name":"fn","value":"tokio::runtime::scheduler::multi_thread::worker::Launch::launch::{{closure}}"},{"name":"spawn.location","value":"C:\\Users\\Ruben\\.cargo\\registry\\src\\github.com-1ecc6299db9ec823\\tokio-1.23.0\\src\\runtime\\scheduler\\multi_thread\\worker.rs:365:13"}]}}
{"Enter":{"id":10,"at":{"secs_since_epoch":1673377174,"nanos_since_epoch":906911200}}}
{"Spawn":{"id":12,"at":{"secs_since_epoch":1673377174,"nanos_since_epoch":906966900},"fields":[{"name":"kind","value":"blocking"},{"name":"task.name","value":""},{"name":"task.id","value":12},{"name":"fn","value":"tokio::runtime::scheduler::multi_thread::worker::Launch::launch::{{closure}}"},{"name":"spawn.location","value":"C:\\Users\\Ruben\\.cargo\\registry\\src\\github.com-1ecc6299db9ec823\\tokio-1.23.0\\src\\runtime\\scheduler\\multi_thread\\worker.rs:365:13"}]}}
{"Enter":{"id":11,"at":{"secs_since_epoch":1673377174,"nanos_since_epoch":907022700}}}
{"Spawn":{"id":13,"at":{"secs_since_epoch":1673377174,"nanos_since_epoch":907085500},"fields":[{"name":"kind","value":"blocking"},{"name":"task.name","value":""},{"name":"task.id","value":13},{"name":"fn","value":"tokio::runtime::scheduler::multi_thread::worker::Launch::launch::{{closure}}"},{"name":"spawn.location","value":"C:\\Users\\Ruben\\.cargo\\registry\\src\\github.com-1ecc6299db9ec823\\tokio-1.23.0\\src\\runtime\\scheduler\\multi_thread\\worker.rs:365:13"}]}}
{"Enter":{"id":12,"at":{"secs_since_epoch":1673377174,"nanos_since_epoch":907156500}}}
{"Spawn":{"id":14,"at":{"secs_since_epoch":1673377174,"nanos_since_epoch":907201600},"fields":[{"name":"kind","value":"blocking"},{"name":"task.name","value":""},{"name":"task.id","value":14},{"name":"fn","value":"tokio::runtime::scheduler::multi_thread::worker::Launch::launch::{{closure}}"},{"name":"spawn.location","value":"C:\\Users\\Ruben\\.cargo\\registry\\src\\github.com-1ecc6299db9ec823\\tokio-1.23.0\\src\\runtime\\scheduler\\multi_thread\\worker.rs:365:13"}]}}
{"Enter":{"id":13,"at":{"secs_since_epoch":1673377174,"nanos_since_epoch":907288800}}}
{"Spawn":{"id":15,"at":{"secs_since_epoch":1673377174,"nanos_since_epoch":907333200},"fields":[{"name":"kind","value":"blocking"},{"name":"task.name","value":""},{"name":"task.id","value":15},{"name":"fn","value":"tokio::runtime::scheduler::multi_thread::worker::Launch::launch::{{closure}}"},{"name":"spawn.location","value":"C:\\Users\\Ruben\\.cargo\\registry\\src\\github.com-1ecc6299db9ec823\\tokio-1.23.0\\src\\runtime\\scheduler\\multi_thread\\worker.rs:365:13"}]}}
{"Enter":{"id":14,"at":{"secs_since_epoch":1673377174,"nanos_since_epoch":907379200}}}
{"Spawn":{"id":16,"at":{"secs_since_epoch":1673377174,"nanos_since_epoch":907464100},"fields":[{"name":"kind","value":"block_on"},{"name":"task.name","value":""},{"name":"task.id","value":16}]}}
{"Enter":{"id":15,"at":{"secs_since_epoch":1673377174,"nanos_since_epoch":907505000}}}
{"Enter":{"id":16,"at":{"secs_since_epoch":1673377174,"nanos_since_epoch":907566500}}}
{"Enter":{"id":17,"at":{"secs_since_epoch":1673377174,"nanos_since_epoch":908147700}}}
{"Enter":{"id":18,"at":{"secs_since_epoch":1673377174,"nanos_since_epoch":908352500}}}
{"Exit":{"id":18,"at":{"secs_since_epoch":1673377174,"nanos_since_epoch":908545100}}}
{"Exit":{"id":17,"at":{"secs_since_epoch":1673377174,"nanos_since_epoch":908557000}}}
{"Enter":{"id":19,"at":{"secs_since_epoch":1673377174,"nanos_since_epoch":908596100}}}
{"Enter":{"id":20,"at":{"secs_since_epoch":1673377174,"nanos_since_epoch":908620600}}}
{"Exit":{"id":20,"at":{"secs_since_epoch":1673377174,"nanos_since_epoch":908817500}}}
{"Exit":{"id":19,"at":{"secs_since_epoch":1673377174,"nanos_since_epoch":908829000}}}
{"Enter":{"id":21,"at":{"secs_since_epoch":1673377174,"nanos_since_epoch":908868400}}}
{"Enter":{"id":22,"at":{"secs_since_epoch":1673377174,"nanos_since_epoch":909060900}}}
{"Exit":{"id":22,"at":{"secs_since_epoch":1673377174,"nanos_since_epoch":909242900}}}
{"Exit":{"id":21,"at":{"secs_since_epoch":1673377174,"nanos_since_epoch":909254200}}}
{"Enter":{"id":23,"at":{"secs_since_epoch":1673377174,"nanos_since_epoch":909290000}}}
{"Enter":{"id":24,"at":{"secs_since_epoch":1673377174,"nanos_since_epoch":909313500}}}
{"Exit":{"id":24,"at":{"secs_since_epoch":1673377174,"nanos_since_epoch":909508500}}}
{"Exit":{"id":23,"at":{"secs_since_epoch":1673377174,"nanos_since_epoch":909519700}}}
{"Spawn":{"id":25,"at":{"secs_since_epoch":1673377174,"nanos_since_epoch":909543500},"fields":[{"name":"kind","value":"task"},{"name":"task.name","value":""},{"name":"task.id","value":17}]}}
{"Spawn":{"id":26,"at":{"secs_since_epoch":1673377174,"nanos_since_epoch":909643300},"fields":[{"name":"kind","value":"task"},{"name":"task.name","value":""},{"name":"task.id","value":18}]}}
{"Enter":{"id":25,"at":{"secs_since_epoch":1673377174,"nanos_since_epoch":909674500}}}
{"Waker":{"id":25,"op":"Clone","at":{"secs_since_epoch":1673377174,"nanos_since_epoch":909730000}}}
{"Spawn":{"id":27,"at":{"secs_since_epoch":1673377174,"nanos_since_epoch":909744600},"fields":[{"name":"kind","value":"task"},{"name":"task.name","value":""},{"name":"task.id","value":19}]}}
{"Enter":{"id":26,"at":{"secs_since_epoch":1673377174,"nanos_since_epoch":909781000}}}
{"Enter":{"id":23,"at":{"secs_since_epoch":1673377174,"nanos_since_epoch":909808800}}}
{"Enter":{"id":27,"at":{"secs_since_epoch":1673377174,"nanos_since_epoch":909860400}}}
{"Enter":{"id":28,"at":{"secs_since_epoch":1673377174,"nanos_since_epoch":909866300}}}
{"Enter":{"id":274877906945,"at":{"secs_since_epoch":1673377174,"nanos_since_epoch":909873800}}}
{"Enter":{"id":19,"at":{"secs_since_epoch":1673377174,"nanos_since_epoch":909889200}}}
{"Enter":{"id":24,"at":{"secs_since_epoch":1673377174,"nanos_since_epoch":909891000}}}
{"Enter":{"id":274877906947,"at":{"secs_since_epoch":1673377174,"nanos_since_epoch":909920800}}}
{"Waker":{"id":25,"op":"Clone","at":{"secs_since_epoch":1673377174,"nanos_since_epoch":909922200}}}
{"Enter":{"id":549755813889,"at":{"secs_since_epoch":1673377174,"nanos_since_epoch":909967300}}}
{"Enter":{"id":20,"at":{"secs_since_epoch":1673377174,"nanos_since_epoch":909989700}}}
{"Enter":{"id":549755813891,"at":{"secs_since_epoch":1673377174,"nanos_since_epoch":910015900}}}
{"Exit":{"id":28,"at":{"secs_since_epoch":1673377174,"nanos_since_epoch":910088300}}}
{"Enter":{"id":29,"at":{"secs_since_epoch":1673377174,"nanos_since_epoch":910099900}}}
{"Exit":{"id":29,"at":{"secs_since_epoch":1673377174,"nanos_since_epoch":910113700}}}
{"Enter":{"id":28,"at":{"secs_since_epoch":1673377174,"nanos_since_epoch":910119800}}}
{"Enter":{"id":29,"at":{"secs_since_epoch":1673377174,"nanos_since_epoch":910123800}}}
{"Exit":{"id":25,"at":{"secs_since_epoch":1673377174,"nanos_since_epoch":910194400}}}
{"Exit":{"id":274877906947,"at":{"secs_since_epoch":1673377174,"nanos_since_epoch":910941800}}}
{"Exit":{"id":24,"at":{"secs_since_epoch":1673377174,"nanos_since_epoch":910960800}}}
{"Exit":{"id":274877906945,"at":{"secs_since_epoch":1673377174,"nanos_since_epoch":910965500}}}
{"Exit":{"id":23,"at":{"secs_since_epoch":1673377174,"nanos_since_epoch":910970800}}}
{"Enter":{"id":23,"at":{"secs_since_epoch":1673377174,"nanos_since_epoch":910977700}}}
{"Enter":{"id":274877906945,"at":{"secs_since_epoch":1673377174,"nanos_since_epoch":910983000}}}
{"Enter":{"id":24,"at":{"secs_since_epoch":1673377174,"nanos_since_epoch":910991200}}}
{"Enter":{"id":274877906947,"at":{"secs_since_epoch":1673377174,"nanos_since_epoch":910995400}}}
{"Exit":{"id":549755813891,"at":{"secs_since_epoch":1673377174,"nanos_since_epoch":911100800}}}
{"Exit":{"id":20,"at":{"secs_since_epoch":1673377174,"nanos_since_epoch":911116300}}}
{"Exit":{"id":549755813889,"at":{"secs_since_epoch":1673377174,"nanos_since_epoch":911121300}}}
{"Exit":{"id":19,"at":{"secs_since_epoch":1673377174,"nanos_since_epoch":911127200}}}
{"Enter":{"id":19,"at":{"secs_since_epoch":1673377174,"nanos_since_epoch":911132600}}}
{"Enter":{"id":549755813889,"at":{"secs_since_epoch":1673377174,"nanos_since_epoch":911136900}}}
{"Enter":{"id":20,"at":{"secs_since_epoch":1673377174,"nanos_since_epoch":911144000}}}
{"Enter":{"id":549755813891,"at":{"secs_since_epoch":1673377174,"nanos_since_epoch":911148500}}}
{"Exit":{"id":29,"at":{"secs_since_epoch":1673377174,"nanos_since_epoch":911295800}}}
{"Exit":{"id":28,"at":{"secs_since_epoch":1673377174,"nanos_since_epoch":911310500}}}
{"Exit":{"id":16,"at":{"secs_since_epoch":1673377174,"nanos_since_epoch":911315700}}}
{"Enter":{"id":24,"at":{"secs_since_epoch":1673377174,"nanos_since_epoch":911498800}}}
{"Enter":{"id":20,"at":{"secs_since_epoch":1673377174,"nanos_since_epoch":911670900}}}
{"Exit":{"id":24,"at":{"secs_since_epoch":1673377174,"nanos_since_epoch":911851800}}}
{"Enter":{"id":274877906947,"at":{"secs_since_epoch":1673377174,"nanos_since_epoch":911865500}}}
{"Exit":{"id":20,"at":{"secs_since_epoch":1673377174,"nanos_since_epoch":912019600}}}
{"Enter":{"id":549755813891,"at":{"secs_since_epoch":1673377174,"nanos_since_epoch":912031600}}}
{"Exit":{"id":274877906947,"at":{"secs_since_epoch":1673377174,"nanos_since_epoch":912188100}}}
{"Waker":{"id":26,"op":"Clone","at":{"secs_since_epoch":1673377174,"nanos_since_epoch":912201200}}}
{"Exit":{"id":549755813891,"at":{"secs_since_epoch":1673377174,"nanos_since_epoch":912357500}}}
{"Waker":{"id":27,"op":"Clone","at":{"secs_since_epoch":1673377174,"nanos_since_epoch":912370400}}}
{"Exit":{"id":274877906947,"at":{"secs_since_epoch":1673377174,"nanos_since_epoch":912901200}}}
{"Exit":{"id":24,"at":{"secs_since_epoch":1673377174,"nanos_since_epoch":912917200}}}
{"Exit":{"id":549755813891,"at":{"secs_since_epoch":1673377174,"nanos_since_epoch":913102200}}}
{"Exit":{"id":20,"at":{"secs_since_epoch":1673377174,"nanos_since_epoch":913117100}}}
{"Exit":{"id":274877906945,"at":{"secs_since_epoch":1673377174,"nanos_since_epoch":913257500}}}
{"Exit":{"id":23,"at":{"secs_since_epoch":1673377174,"nanos_since_epoch":913271200}}}
{"Waker":{"id":26,"op":"Clone","at":{"secs_since_epoch":1673377174,"nanos_since_epoch":913278800}}}
{"Exit":{"id":549755813889,"at":{"secs_since_epoch":1673377174,"nanos_since_epoch":919253600}}}
{"Exit":{"id":19,"at":{"secs_since_epoch":1673377174,"nanos_since_epoch":919265400}}}
{"Waker":{"id":27,"op":"Clone","at":{"secs_since_epoch":1673377174,"nanos_since_epoch":919272500}}}
{"Exit":{"id":26,"at":{"secs_since_epoch":1673377174,"nanos_since_epoch":919442700}}}
{"Exit":{"id":27,"at":{"secs_since_epoch":1673377174,"nanos_since_epoch":919572600}}}
